#
# A fatal error has been detected by the Java Runtime Environment:
#
#  EXCEPTION_ACCESS_VIOLATION (0xc0000005) at pc=0x000000006742186a, pid=5200, tid=6372
#
# JRE version: 6.0_17-b04
# Java VM: Java HotSpot(TM) 64-Bit Server VM (14.3-b01 mixed mode windows-amd64 )
# Problematic frame:
# C  0x000000006742186a
#
# If you would like to submit a bug report, please visit:
#   http://java.sun.com/webapps/bugreport/crash.jsp
# The crash happened outside the Java Virtual Machine in native code.
# See problematic frame for where to report the bug.
#

---------------  T H R E A D  ---------------

Current thread (0x0000000067f41800):  JavaThread "Main message loop" daemon [_thread_in_native, id=6372, stack(0x0000000124000000,0x0000000128000000)]

siginfo: ExceptionCode=0xc0000005, reading address 0x0000000000000000

Registers:
EAX=0x0000000067618378, EBX=0x000000006f8d0040, ECX=0x0000000000000000, EDX=0x00000000675a7d40
ESP=0x0000000127feea30, EBP=0x0000000080040104, ESI=0x0000000127ff6838, EDI=0x00000000675a7d78
EIP=0x000000006742186a, EFLAGS=0x0000000000010297

Top of Stack: (sp=0x0000000127feea30)
0x0000000127feea30:   000000006f8d0040 0000000080040104
0x0000000127feea40:   000000006f8d0040 00000000675a7d78
0x0000000127feea50:   0000000000000030 0000000067446dfb
0x0000000127feea60:   000000006fe65588 0000000127ff68a0
0x0000000127feea70:   0000000077fa6570 000000006762d780
0x0000000127feea80:   0000000000000001 0000000067421851
0x0000000127feea90:   000000006fe65588 0000000127ff68a0
0x0000000127feeaa0:   000000006fe65588 000000006762d780
0x0000000127feeab0:   0000000000000010 0000000078a4507a
0x0000000127feeac0:   00001ae000060001 0000000000000000
0x0000000127feead0:   0000000000000000 0000000000000000
0x0000000127feeae0:   000000006f8d0040 0000000067f419b8
0x0000000127feeaf0:   000000005eb8f448 0000000127feec08
0x0000000127feeb00:   0000000067f41800 0000000078a7aa76
0x0000000127feeb10:   000000001f801388 0000000078a8897e
0x0000000127feeb20:   0000000067f41800 0000000067f419b8 

Instructions: (pc=0x000000006742186a)
0x000000006742185a:   83 c0 08 83 38 02 7f 0d 48 8b 8c 24 90 7d 00 00
0x000000006742186a:   48 8b 01 eb 66 83 38 03 75 0e 48 8b 8c 24 90 7d 


Stack: [0x0000000124000000,0x0000000128000000],  sp=0x0000000127feea30,  free space=65466k
Native frames: (J=compiled Java code, j=interpreted, Vv=VM code, C=native code)
C  0x000000006742186a

Java frames: (J=compiled Java code, j=interpreted, Vv=VM code)
J  com.jniwrapper.Function.invokeCFunc(JJB[BII[II)I
J  com.jniwrapper.FunctionCall.a(ZJJJIBLcom/jniwrapper/Parameter;[Lcom/jniwrapper/Parameter;)J
j  com.jniwrapper.FunctionCall.call(JJBLcom/jniwrapper/Parameter;[Lcom/jniwrapper/Parameter;)J+11
j  com.jniwrapper.Function.invoke(Lcom/jniwrapper/Parameter;[Lcom/jniwrapper/Parameter;)J+24
j  com.jniwrapper.Function.invoke(Lcom/jniwrapper/Parameter;Lcom/jniwrapper/Parameter;)J+10
j  com.jniwrapper.win32.MessageLoopThread$LoopThread.run()V+299
v  ~StubRoutines::call_stub

---------------  P R O C E S S  ---------------

Java Threads: ( => current thread )
  0x0000000067f40800 JavaThread "Browser Events Thread" daemon [_thread_blocked, id=6956, stack(0x0000000130000000,0x0000000134000000)]
=>0x0000000067f41800 JavaThread "Main message loop" daemon [_thread_in_native, id=6372, stack(0x0000000124000000,0x0000000128000000)]
  0x0000000067f47000 JavaThread "Browser Events Thread" daemon [_thread_blocked, id=1100, stack(0x000000012c000000,0x0000000130000000)]
  0x0000000067f46800 JavaThread "Main message loop" daemon [_thread_in_native, id=6796, stack(0x00000000e4000000,0x00000000e8000000)]
  0x0000000067f43000 JavaThread "Code Analyzer updating thread" [_thread_blocked, id=6988, stack(0x00000000d0000000,0x00000000d4000000)]
  0x0000000067f45800 JavaThread "Prefs Updater" daemon [_thread_blocked, id=6984, stack(0x00000000cc000000,0x00000000d0000000)]
  0x0000000067ffd800 JavaThread "Timer-2" daemon [_thread_blocked, id=5604, stack(0x0000000110000000,0x0000000114000000)]
  0x0000000068004800 JavaThread "com.jniwrapper.NativeResourceCollector" daemon [_thread_blocked, id=816, stack(0x0000000104000000,0x0000000108000000)]
  0x0000000067f40000 JavaThread "Swing-Shell" daemon [_thread_blocked, id=5432, stack(0x000000011c000000,0x0000000120000000)]
  0x0000000068002000 JavaThread "Code Analyzer updating thread" [_thread_blocked, id=4592, stack(0x00000000fc000000,0x0000000100000000)]
  0x0000000068001000 JavaThread "Active Reference Queue Daemon" daemon [_thread_blocked, id=2564, stack(0x00000000f8000000,0x00000000fc000000)]
  0x0000000068000800 JavaThread "Timer-1" daemon [_thread_blocked, id=5188, stack(0x00000000f4000000,0x00000000f8000000)]
  0x0000000067fff800 JavaThread "ClipboardMonitor Timer" daemon [_thread_blocked, id=5956, stack(0x00000000f0000000,0x00000000f4000000)]
  0x0000000067ffe000 JavaThread "Explorer NavigationContext request queue" daemon [_thread_blocked, id=868, stack(0x00000000e8000000,0x00000000ec000000)]
  0x0000000067ffc800 JavaThread "AddressBar directory emptiness poller" daemon [_thread_blocked, id=5392, stack(0x00000000e0000000,0x00000000e4000000)]
  0x0000000067ffc000 JavaThread "Explorer Refresh Service 1597179565" daemon [_thread_blocked, id=2648, stack(0x00000000dc000000,0x00000000e0000000)]
  0x0000000067ffb800 JavaThread "Thread-4" daemon [_thread_blocked, id=5760, stack(0x00000000d8000000,0x00000000dc000000)]
  0x0000000067ff9000 JavaThread "TimerQueue" daemon [_thread_blocked, id=3452, stack(0x00000000c4000000,0x00000000c8000000)]
  0x0000000067ff8800 JavaThread "Thread-3" daemon [_thread_blocked, id=3004, stack(0x00000000b4000000,0x00000000b8000000)]
  0x0000000067ff7800 JavaThread "AWT-EventQueue-0" [_thread_blocked, id=2604, stack(0x00000000b0000000,0x00000000b4000000)]
  0x0000000067ff7000 JavaThread "AWT-Shutdown" [_thread_blocked, id=5208, stack(0x00000000a0000000,0x00000000a4000000)]
  0x0000000067ff6000 JavaThread "FelixPackageAdmin" daemon [_thread_blocked, id=2100, stack(0x00000000c0000000,0x00000000c4000000)]
  0x0000000068138000 JavaThread "FelixStartLevel" daemon [_thread_blocked, id=2444, stack(0x00000000bc000000,0x00000000c0000000)]
  0x0000000068137800 JavaThread "FelixDispatchQueue" daemon [_thread_blocked, id=2592, stack(0x00000000b8000000,0x00000000bc000000)]
  0x0000000066cd5000 JavaThread "com.google.common.base.internal.Finalizer" daemon [_thread_blocked, id=4004, stack(0x00000000ac000000,0x00000000b0000000)]
  0x0000000066cb5000 JavaThread "AWT-Windows" daemon [_thread_in_native, id=1032, stack(0x00000000a4000000,0x00000000a8000000)]
  0x0000000066cb3800 JavaThread "Java2D Disposer" daemon [_thread_blocked, id=2660, stack(0x000000009c000000,0x00000000a0000000)]
  0x000000006676b000 JavaThread "Timer-0" [_thread_blocked, id=4908, stack(0x0000000098000000,0x000000009c000000)]
  0x000000006677c000 JavaThread "EventMgr Dispatcher" daemon [_thread_in_native, id=4504, stack(0x0000000094000000,0x0000000098000000)]
  0x0000000056938800 JavaThread "Low Memory Detector" daemon [_thread_blocked, id=1444, stack(0x000000008c000000,0x0000000090000000)]
  0x0000000056932800 JavaThread "CompilerThread1" daemon [_thread_blocked, id=3848, stack(0x0000000088000000,0x000000008c000000)]
  0x00000000568e7000 JavaThread "CompilerThread0" daemon [_thread_blocked, id=5088, stack(0x0000000084000000,0x0000000088000000)]
  0x00000000568e2000 JavaThread "Attach Listener" daemon [_thread_blocked, id=4668, stack(0x0000000080000000,0x0000000084000000)]
  0x00000000568cd800 JavaThread "Finalizer" daemon [_thread_blocked, id=3444, stack(0x0000000062430000,0x0000000066430000)]
  0x00000000064fe800 JavaThread "Reference Handler" daemon [_thread_blocked, id=5932, stack(0x000000005a9b0000,0x000000005e9b0000)]
  0x0000000006474800 JavaThread "main" [_thread_in_native, id=768, stack(0x0000000000030000,0x0000000004030000)]

Other Threads:
  0x00000000064fd000 VMThread [stack: 0x00000000569b0000,0x000000005a9b0000] [id=5128]
  0x000000005695b000 WatcherThread [stack: 0x0000000090000000,0x0000000094000000] [id=3020]

VM state:not at safepoint (normal execution)

VM Mutex/Monitor currently owned by a thread: None

Heap
 PSYoungGen      total 16256K, used 9752K [0x000000003b3e0000, 0x000000003c900000, 0x000000003e4e0000)
  eden space 11264K, 74% used [0x000000003b3e0000,0x000000003bc163f8,0x000000003bee0000)
  from space 4992K, 26% used [0x000000003c420000,0x000000003c570000,0x000000003c900000)
  to   space 5184K, 0% used [0x000000003bee0000,0x000000003bee0000,0x000000003c3f0000)
 PSOldGen        total 74432K, used 62938K [0x00000000320e0000, 0x0000000036990000, 0x000000003b3e0000)
  object space 74432K, 84% used [0x00000000320e0000,0x0000000035e56890,0x0000000036990000)
 PSPermGen       total 98752K, used 76944K [0x000000002a0e0000, 0x0000000030150000, 0x00000000320e0000)
  object space 98752K, 77% used [0x000000002a0e0000,0x000000002ec041b0,0x0000000030150000)

Dynamic libraries:
0x0000000140000000 - 0x0000000140028000 	C:\MATLAB\R2013a\bin\win64\MATLAB.exe
0x0000000077b60000 - 0x0000000077d09000 	C:\Windows\SYSTEM32\ntdll.dll
0x0000000077a40000 - 0x0000000077b5f000 	C:\Windows\system32\kernel32.dll
0x000007fefd9b0000 - 0x000007fefda1c000 	C:\Windows\system32\KERNELBASE.dll
0x0000000074460000 - 0x0000000074515000 	C:\MATLAB\R2013a\bin\win64\libut.dll
0x00000000758a0000 - 0x000000007595f000 	C:\MATLAB\R2013a\bin\win64\libmwi18n.dll
0x0000000180000000 - 0x000000018000d000 	C:\MATLAB\R2013a\bin\win64\libmwresource_core.dll
0x000000006ce20000 - 0x000000006ceb8000 	C:\MATLAB\R2013a\bin\win64\MSVCP100.dll
0x0000000067d10000 - 0x0000000067de2000 	C:\MATLAB\R2013a\bin\win64\MSVCR100.dll
0x0000000073e80000 - 0x0000000073e8e000 	C:\MATLAB\R2013a\bin\win64\boost_date_time-vc100-mt-1_49.dll
0x000000006f7f0000 - 0x000000006f81c000 	C:\MATLAB\R2013a\bin\win64\boost_filesystem-vc100-mt-1_49.dll
0x00000000743f0000 - 0x00000000743f9000 	C:\MATLAB\R2013a\bin\win64\boost_system-vc100-mt-1_49.dll
0x000007fefde00000 - 0x000007fefdedb000 	C:\Windows\system32\ADVAPI32.dll
0x000007feff340000 - 0x000007feff3df000 	C:\Windows\system32\msvcrt.dll
0x000007feffe50000 - 0x000007feffe6f000 	C:\Windows\SYSTEM32\sechost.dll
0x000007fefdc20000 - 0x000007fefdd4d000 	C:\Windows\system32\RPCRT4.dll
0x0000000070b90000 - 0x0000000070bb5000 	C:\MATLAB\R2013a\bin\win64\LIBEXPAT.dll
0x00000000622a0000 - 0x000000006242a000 	C:\MATLAB\R2013a\bin\win64\icuin49.dll
0x0000000062160000 - 0x000000006229e000 	C:\MATLAB\R2013a\bin\win64\icuuc49.dll
0x0000000060080000 - 0x00000000611a2000 	C:\MATLAB\R2013a\bin\win64\icudt49.dll
0x0000000071250000 - 0x0000000071260000 	C:\MATLAB\R2013a\bin\win64\icuio49.dll
0x0000000073f70000 - 0x0000000074112000 	C:\MATLAB\R2013a\bin\win64\libmwfl.dll
0x000000007a350000 - 0x000000007a737000 	C:\MATLAB\R2013a\bin\win64\libmwMATLAB_res.dll
0x0000000067df0000 - 0x0000000067ecf000 	C:\MATLAB\R2013a\bin\win64\boost_regex-vc100-mt-1_49.dll
0x0000000077800000 - 0x00000000778fa000 	C:\Windows\system32\USER32.dll
0x000007feff910000 - 0x000007feff977000 	C:\Windows\system32\GDI32.dll
0x000007feffc80000 - 0x000007feffc8e000 	C:\Windows\system32\LPK.dll
0x000007fefede0000 - 0x000007fefeea9000 	C:\Windows\system32\USP10.dll
0x000000006f7d0000 - 0x000000006f7e1000 	C:\MATLAB\R2013a\bin\win64\boost_signals-vc100-mt-1_49.dll
0x000000006f7b0000 - 0x000000006f7c1000 	C:\MATLAB\R2013a\bin\win64\boost_thread-vc100-mt-1_49.dll
0x000007fef4370000 - 0x000007fef43fc000 	C:\MATLAB\R2013a\bin\win64\boost_log-vc100-mt-1_49.dll
0x0000000077d20000 - 0x0000000077d27000 	C:\Windows\system32\PSAPI.DLL
0x000007feffc30000 - 0x000007feffc7d000 	C:\Windows\system32\WS2_32.dll
0x000007fefdd50000 - 0x000007fefdd58000 	C:\Windows\system32\NSI.dll
0x000007fef4330000 - 0x000007fef4363000 	C:\MATLAB\R2013a\bin\win64\tbb.dll
0x000007feffd10000 - 0x000007feffd29000 	C:\Windows\system32\imagehlp.dll
0x000007fefdb70000 - 0x000007fefdb9c000 	C:\Windows\system32\POWRPROF.dll
0x000007feff060000 - 0x000007feff237000 	C:\Windows\system32\SETUPAPI.dll
0x000007fefd760000 - 0x000007fefd796000 	C:\Windows\system32\CFGMGR32.dll
0x000007feff3e0000 - 0x000007feff4b7000 	C:\Windows\system32\OLEAUT32.dll
0x000007feff700000 - 0x000007feff903000 	C:\Windows\system32\ole32.dll
0x000007fefd990000 - 0x000007fefd9aa000 	C:\Windows\system32\DEVOBJ.dll
0x0000000004100000 - 0x0000000004121000 	C:\MATLAB\R2013a\bin\win64\libmwmfl_scalar.dll
0x000007fef8aa0000 - 0x000007fef8bc5000 	C:\Windows\system32\dbghelp.dll
0x0000000004340000 - 0x000000000466f000 	C:\MATLAB\R2013a\bin\win64\libmwservices.dll
0x0000000075a20000 - 0x0000000075b0b000 	C:\MATLAB\R2013a\bin\win64\libmx.dll
0x000007fef4300000 - 0x000007fef4328000 	C:\MATLAB\R2013a\bin\win64\tbbmalloc.dll
0x000000006f790000 - 0x000000006f7a7000 	C:\MATLAB\R2013a\bin\win64\zlib1.dll
0x0000000004130000 - 0x000000000417e000 	C:\MATLAB\R2013a\bin\win64\libmwregexp.dll
0x0000000075f10000 - 0x0000000075f57000 	C:\MATLAB\R2013a\bin\win64\mpath.dll
0x000000007b680000 - 0x000000007bc66000 	C:\MATLAB\R2013a\bin\win64\mlutil.dll
0x00000000754d0000 - 0x0000000075547000 	C:\MATLAB\R2013a\bin\win64\xmlcore.dll
0x000000005fe30000 - 0x0000000060071000 	C:\MATLAB\R2013a\bin\win64\xerces-c_2_7.dll
0x0000000004190000 - 0x00000000041b2000 	C:\MATLAB\R2013a\bin\win64\libmwMATLAB_settings_res.dll
0x000007fef4770000 - 0x000007fef4780000 	C:\MATLAB\R2013a\bin\win64\boost_iostreams-vc100-mt-1_49.dll
0x000007fef42b0000 - 0x000007fef42f6000 	C:\MATLAB\R2013a\bin\win64\boost_serialization-vc100-mt-1_49.dll
0x000007fefdee0000 - 0x000007fefec68000 	C:\Windows\system32\SHELL32.dll
0x000007feffc90000 - 0x000007feffd01000 	C:\Windows\system32\SHLWAPI.dll
0x00000000041c0000 - 0x00000000041c6000 	C:\MATLAB\R2013a\bin\win64\libmwnativedisplay.dll
0x000007fef1900000 - 0x000007fef19a0000 	C:\Windows\WinSxS\amd64_microsoft.windows.common-controls_6595b64144ccf1df_5.82.7601.18201_none_a4d3b9377117c3df\COMCTL32.dll
0x000007fefefc0000 - 0x000007feff057000 	C:\Windows\system32\COMDLG32.dll
0x000007fefb590000 - 0x000007fefb5a6000 	C:\Windows\system32\NETAPI32.dll
0x000007fefb580000 - 0x000007fefb58c000 	C:\Windows\system32\netutils.dll
0x000007fefd2a0000 - 0x000007fefd2c3000 	C:\Windows\system32\srvcli.dll
0x000007fefb560000 - 0x000007fefb575000 	C:\Windows\system32\wkscli.dll
0x0000000074970000 - 0x0000000074a18000 	C:\MATLAB\R2013a\bin\win64\mcr.dll
0x0000000075000000 - 0x00000000753b1000 	C:\MATLAB\R2013a\bin\win64\iqm.dll
0x0000000074e80000 - 0x0000000074f30000 	C:\MATLAB\R2013a\bin\win64\m_dispatcher.dll
0x0000000004670000 - 0x0000000004e78000 	C:\MATLAB\R2013a\bin\win64\m_interpreter.dll
0x00000000041d0000 - 0x00000000041f4000 	C:\MATLAB\R2013a\bin\win64\libmex.dll
0x0000000075430000 - 0x00000000754ab000 	C:\MATLAB\R2013a\bin\win64\profiler.dll
0x0000000004e80000 - 0x0000000005103000 	C:\MATLAB\R2013a\bin\win64\libmwmathutil.dll
0x0000000079f40000 - 0x0000000079f66000 	C:\MATLAB\R2013a\bin\win64\libmwmathrng.dll
0x0000000004200000 - 0x0000000004210000 	C:\MATLAB\R2013a\bin\win64\libmwmfl_rng.dll
0x0000000074c10000 - 0x0000000074cf8000 	C:\MATLAB\R2013a\bin\win64\libmwmathcore.dll
0x0000000076160000 - 0x00000000761c3000 	C:\MATLAB\R2013a\bin\win64\libmwspmatrix.dll
0x000000007b0a0000 - 0x000000007b2f6000 	C:\MATLAB\R2013a\bin\win64\mcos.dll
0x0000000075ea0000 - 0x0000000075f02000 	C:\MATLAB\R2013a\bin\win64\libmwcholmod.dll
0x0000000004220000 - 0x000000000422d000 	C:\MATLAB\R2013a\bin\win64\libmwamd.dll
0x000000006b820000 - 0x000000006b8c3000 	C:\Windows\WinSxS\amd64_microsoft.vc90.crt_1fc8b3b9a1e18e3b_9.0.30729.6161_none_08e61857a83bc251\MSVCR90.dll
0x0000000005110000 - 0x000000000511c000 	C:\MATLAB\R2013a\bin\win64\libmwcolamd.dll
0x000000007a290000 - 0x000000007a2a3000 	C:\MATLAB\R2013a\bin\win64\libmwblas.dll
0x000000007a310000 - 0x000000007a325000 	C:\MATLAB\R2013a\bin\win64\libmwbinder.dll
0x0000000005130000 - 0x000000000513b000 	C:\MATLAB\R2013a\bin\win64\libmwompwrapper.dll
0x0000000075820000 - 0x000000007589e000 	C:\MATLAB\R2013a\bin\win64\libmwlapack.dll
0x000000007a1b0000 - 0x000000007a1d0000 	C:\MATLAB\R2013a\bin\win64\m_pcodeio.dll
0x0000000079b10000 - 0x0000000079b6c000 	C:\MATLAB\R2013a\bin\win64\m_ir.dll
0x0000000078ed0000 - 0x0000000079579000 	C:\MATLAB\R2013a\bin\win64\m_parser.dll
0x000000007a2f0000 - 0x000000007a307000 	C:\MATLAB\R2013a\bin\win64\ir_xfmr.dll
0x0000000005140000 - 0x0000000005150000 	C:\MATLAB\R2013a\bin\win64\mtok.dll
0x000000007a130000 - 0x000000007a158000 	C:\MATLAB\R2013a\bin\win64\m_pcodegen.dll
0x0000000079fb0000 - 0x0000000079fdf000 	C:\MATLAB\R2013a\bin\win64\libmwbridge.dll
0x0000000074f40000 - 0x0000000074ff6000 	C:\MATLAB\R2013a\bin\win64\udd.dll
0x0000000073cc0000 - 0x0000000073e0e000 	C:\MATLAB\R2013a\bin\win64\libmwgui.dll
0x000000007a1d0000 - 0x000000007a1f4000 	C:\MATLAB\R2013a\bin\win64\graphics_util.dll
0x000007feed460000 - 0x000007feed518000 	C:\MATLAB\R2013a\bin\win64\libtex_base.dll
0x0000000005150000 - 0x0000000005a93000 	C:\MATLAB\R2013a\bin\win64\hg.dll
0x0000000076100000 - 0x000000007615a000 	C:\MATLAB\R2013a\bin\win64\libmat.dll
0x0000000072d30000 - 0x0000000072f38000 	C:\MATLAB\R2013a\bin\win64\hdf5dll.dll
0x0000000075710000 - 0x00000000757d8000 	C:\MATLAB\R2013a\bin\win64\jmi.dll
0x0000000005ab0000 - 0x0000000005abe000 	C:\MATLAB\R2013a\bin\win64\nativejava_services.dll
0x0000000005ac0000 - 0x0000000005b00000 	C:\MATLAB\R2013a\bin\win64\libmwhardcopy.dll
0x0000000075c70000 - 0x0000000075cce000 	C:\MATLAB\R2013a\bin\win64\libuij.dll
0x0000000072f50000 - 0x000000007318f000 	C:\MATLAB\R2013a\bin\win64\hgdatatypes.dll
0x0000000005b00000 - 0x0000000005beb000 	C:\MATLAB\R2013a\bin\win64\hgutils.dll
0x0000000005bf0000 - 0x0000000005c9e000 	C:\MATLAB\R2013a\bin\win64\udd_mi.dll
0x0000000005ca0000 - 0x0000000005cd6000 	C:\MATLAB\R2013a\bin\win64\libmwgbtutils.dll
0x0000000005ce0000 - 0x0000000005cf4000 	C:\MATLAB\R2013a\bin\win64\libmwgbt.dll
0x0000000005d00000 - 0x0000000005fce000 	C:\MATLAB\R2013a\bin\win64\uiw.dll
0x0000000005fd0000 - 0x0000000005fd9000 	C:\MATLAB\R2013a\bin\win64\uinone.dll
0x0000000005fe0000 - 0x0000000006006000 	C:\MATLAB\R2013a\bin\win64\libmwnativefiledialogs.dll
0x0000000006010000 - 0x000000000601c000 	C:\MATLAB\R2013a\bin\win64\libmwplatform_res.dll
0x000007fefb170000 - 0x000007fefb188000 	C:\Windows\system32\MPR.dll
0x000000005f8d0000 - 0x000000005fe2d000 	C:\MATLAB\R2013a\bin\win64\mfc100.dll
0x000007fefad80000 - 0x000007fefad87000 	C:\Windows\system32\MSIMG32.dll
0x000007fef4be0000 - 0x000007fef4c51000 	C:\Windows\system32\WINSPOOL.DRV
0x0000000006020000 - 0x000000000603d000 	C:\MATLAB\R2013a\bin\win64\mwoles05.DLL
0x0000000006040000 - 0x00000000060ac000 	C:\MATLAB\R2013a\bin\win64\comcli.dll
0x000000006f090000 - 0x000000006f0bb000 	C:\MATLAB\R2013a\bin\win64\ATL100.DLL
0x00000000060b0000 - 0x00000000060bc000 	C:\MATLAB\R2013a\bin\win64\mlautoregister.dll
0x00000000060c0000 - 0x0000000006216000 	C:\MATLAB\R2013a\bin\win64\mvm.dll
0x000007feffd90000 - 0x000007feffdbe000 	C:\Windows\system32\IMM32.DLL
0x000007fefeeb0000 - 0x000007fefefb9000 	C:\Windows\system32\MSCTF.dll
0x000007fefbce0000 - 0x000007fefbd36000 	C:\Windows\system32\UxTheme.dll
0x000007fefd970000 - 0x000007fefd988000 	C:\Windows\system32\dwmapi.dll
0x0000000071260000 - 0x0000000071269000 	C:\MATLAB\R2013a\bin\win64\MFC100CHS.DLL
0x0000000006260000 - 0x00000000062ae000 	C:\MATLAB\R2013a\bin\win64\MVMLocal.dll
0x000007fefd540000 - 0x000007fefd597000 	C:\Windows\system32\apphelp.dll

VM Arguments:
jvm_args: -XX:PermSize=32m -Xms64m -XX:NewRatio=3 -XX:MaxPermSize=128m -Xmx196m -XX:MaxDirectMemorySize=2147400000 -Dsun.java2d.noddraw=true -Dsun.awt.nopixfmt=true -Xshare:off -Xrs -Dsun.awt.disableMixing=true -Djava.library.path=C:\MATLAB\R2013a\bin\win64;C:\MATLAB\R2013a\sys\jxbrowser\win64\lib vfprintf abort -Duser.language=en -Duser.country=US -XX:ParallelGCThreads=6 
java_command: <unknown>
Launcher Type: generic

Environment Variables:
PATH=C:\Program Files\Common Files\Microsoft Shared\Windows Live;C:\Program Files (x86)\Common Files\Microsoft Shared\Windows Live;C:\Windows\system32;C:\Windows;C:\Windows\System32\Wbem;C:\Windows\System32\WindowsPowerShell\v1.0\;C:\Cadence\SPB_16.3\OpenAccess\bin\win32\opt;C:\Cadence\SPB_16.3\tools\Capture;C:\Cadence\SPB_16.3\tools\PSpice\Library;C:\Cadence\SPB_16.3\tools\PSpice;C:\Cadence\SPB_16.3\tools\specctra\bin;C:\Cadence\SPB_16.3\tools\fet\bin;C:\Cadence\SPB_16.3\tools\libutil\bin;C:\Cadence\SPB_16.3\tools\bin;C:\Cadence\SPB_16.3\tools\pcb\bin;C:\Program Files (x86)\Windows Live\Shared;C:\MATLAB\R2013a\runtime\win64;C:\MATLAB\R2013a\bin;C:\modeltech64_10.1c\win64;C:\modeltech_10.1a\win32
USERNAME=TS
OS=Windows_NT
PROCESSOR_IDENTIFIER=Intel64 Family 6 Model 58 Stepping 9, GenuineIntel



---------------  S Y S T E M  ---------------

OS: Windows 7 Build 7601 Service Pack 1

CPU:total 8 (8 cores per cpu, 2 threads per core) family 6 model 58 stepping 9, cmov, cx8, fxsr, mmx, sse, sse2, sse3, ssse3, sse4.1, sse4.2, ht

Memory: 4k page, physical 10369596k(7646400k free), swap 20737328k(18007452k free)

vm_info: Java HotSpot(TM) 64-Bit Server VM (14.3-b01) for windows-amd64 JRE (1.6.0_17-b04), built on Oct 11 2009 00:46:08 by "java_re" with MS VC++ 8.0

time: Thu Oct 09 09:25:21 2014
elapsed time: 1108 seconds

